Area:
250
Number of Nodes:
40
Number of Flow:
20
Simulation starting
Simulation ending
num_nodes is set 40
channel.cc:sendUp - Calc highestAntennaZ_ and distCST_
highestAntennaZ_ = 1.5,  distCST_ = 550.0
Area:
500
Number of Nodes:
40
Number of Flow:
20
Simulation starting
Simulation ending
num_nodes is set 40
channel.cc:sendUp - Calc highestAntennaZ_ and distCST_
highestAntennaZ_ = 1.5,  distCST_ = 550.0
Area:
750
Number of Nodes:
40
Number of Flow:
20
Simulation starting
Simulation ending
num_nodes is set 40
channel.cc:sendUp - Calc highestAntennaZ_ and distCST_
highestAntennaZ_ = 1.5,  distCST_ = 550.0
Area:
1000
Number of Nodes:
40
Number of Flow:
20
Simulation starting
Simulation ending
num_nodes is set 40
channel.cc:sendUp - Calc highestAntennaZ_ and distCST_
highestAntennaZ_ = 1.5,  distCST_ = 550.0
Area:
1250
Number of Nodes:
40
Number of Flow:
20
Simulation starting
Simulation ending
num_nodes is set 40
channel.cc:sendUp - Calc highestAntennaZ_ and distCST_
highestAntennaZ_ = 1.5,  distCST_ = 550.0
Area:
500
Number of Nodes:
20
Number of Flow:
20
Simulation starting
Simulation ending
num_nodes is set 20
channel.cc:sendUp - Calc highestAntennaZ_ and distCST_
highestAntennaZ_ = 1.5,  distCST_ = 550.0
Area:
500
Number of Nodes:
40
Number of Flow:
20
Simulation starting
Simulation ending
num_nodes is set 40
channel.cc:sendUp - Calc highestAntennaZ_ and distCST_
highestAntennaZ_ = 1.5,  distCST_ = 550.0
Area:
500
Number of Nodes:
60
Number of Flow:
20
Simulation starting
Simulation ending
num_nodes is set 60
channel.cc:sendUp - Calc highestAntennaZ_ and distCST_
highestAntennaZ_ = 1.5,  distCST_ = 550.0
Area:
500
Number of Nodes:
80
Number of Flow:
20
Simulation starting
Simulation ending
num_nodes is set 80
channel.cc:sendUp - Calc highestAntennaZ_ and distCST_
highestAntennaZ_ = 1.5,  distCST_ = 550.0
Area:
500
Number of Nodes:
100
Number of Flow:
20
Simulation starting
Simulation ending
num_nodes is set 100
channel.cc:sendUp - Calc highestAntennaZ_ and distCST_
highestAntennaZ_ = 1.5,  distCST_ = 550.0
Area:
500
Number of Nodes:
40
Number of Flow:
10
Simulation starting
Simulation ending
num_nodes is set 40
channel.cc:sendUp - Calc highestAntennaZ_ and distCST_
highestAntennaZ_ = 1.5,  distCST_ = 550.0
Area:
500
Number of Nodes:
40
Number of Flow:
20
Simulation starting
Simulation ending
num_nodes is set 40
channel.cc:sendUp - Calc highestAntennaZ_ and distCST_
highestAntennaZ_ = 1.5,  distCST_ = 550.0
Area:
500
Number of Nodes:
40
Number of Flow:
30
Simulation starting
Simulation ending
num_nodes is set 40
channel.cc:sendUp - Calc highestAntennaZ_ and distCST_
highestAntennaZ_ = 1.5,  distCST_ = 550.0
Area:
500
Number of Nodes:
40
Number of Flow:
40
Simulation starting
Simulation ending
num_nodes is set 40
channel.cc:sendUp - Calc highestAntennaZ_ and distCST_
highestAntennaZ_ = 1.5,  distCST_ = 550.0
Area:
500
Number of Nodes:
40
Number of Flow:
50
Simulation starting
Simulation ending
num_nodes is set 40
channel.cc:sendUp - Calc highestAntennaZ_ and distCST_
highestAntennaZ_ = 1.5,  distCST_ = 550.0
